<?xml version="1.0" encoding="UTF-8" standalone="yes"?><!DOCTYPE report PUBLIC "-//JACOCO//DTD Report 1.1//EN" "report.dtd"><report name="parking-system"><sessioninfo id="Hoby-d600428f" start="1704192535483" dump="1704192537470"/><sessioninfo id="Hoby-a801348e" start="1704192560390" dump="1704192562374"/><sessioninfo id="Hoby-3c70bed2" start="1704192691389" dump="1704192693355"/><sessioninfo id="Hoby-e8b04fe" start="1704193170270" dump="1704193172434"/><sessioninfo id="Hoby-ff50bd79" start="1704193182202" dump="1704193184439"/><sessioninfo id="Hoby-409a0bd4" start="1704193258747" dump="1704193260733"/><sessioninfo id="Hoby-f6adce81" start="1704193698656" dump="1704193700628"/><sessioninfo id="Hoby-d91a0a0b" start="1704193710541" dump="1704193712634"/><sessioninfo id="Hoby-6f559d21" start="1704193921839" dump="1704193923471"/><sessioninfo id="Hoby-71bb3d18" start="1704193927162" dump="1704193948981"/><sessioninfo id="Hoby-f96ce063" start="1704198478941" dump="1704198480979"/><sessioninfo id="Hoby-218ffa24" start="1704209135673" dump="1704209137666"/><sessioninfo id="Hoby-57c2c715" start="1704209693065" dump="1704209695095"/><sessioninfo id="Hoby-8bc0d8f0" start="1704209705060" dump="1704209707178"/><sessioninfo id="Hoby-4109c4dd" start="1704211320443" dump="1704211322934"/><sessioninfo id="Hoby-9fd583f9" start="1704211337730" dump="1704211340240"/><sessioninfo id="Hoby-60b9a254" start="1704219712483" dump="1704219714813"/><sessioninfo id="Hoby-cd545fa8" start="1704219835960" dump="1704219838260"/><sessioninfo id="Hoby-586b2d2" start="1704219885511" dump="1704219887976"/><sessioninfo id="Hoby-aeac1c86" start="1704220066272" dump="1704220068571"/><sessioninfo id="Hoby-1a96b" start="1704220083491" dump="1704220086217"/><sessioninfo id="Hoby-9e3dded0" start="1704220229100" dump="1704220231378"/><sessioninfo id="Hoby-51ed32a9" start="1704220246390" dump="1704220248968"/><sessioninfo id="Hoby-be166aa" start="1704224021061" dump="1704224023532"/><sessioninfo id="Hoby-c189260c" start="1704224343467" dump="1704224345896"/><sessioninfo id="Hoby-dc4f4dd3" start="1704224360791" dump="1704224363283"/><sessioninfo id="Hoby-7638c615" start="1704288568648" dump="1704288571536"/><sessioninfo id="Hoby-48f975cc" start="1704288586505" dump="1704288589251"/><sessioninfo id="Hoby-b8b06945" start="1704289253934" dump="1704289256231"/><sessioninfo id="Hoby-c0ad42d5" start="1704289271084" dump="1704289273655"/><sessioninfo id="Hoby-2567d7e0" start="1704292055140" dump="1704292057365"/><sessioninfo id="Hoby-fa6f712" start="1704292072247" dump="1704292074736"/><sessioninfo id="Hoby-6d0c3bb4" start="1704292183468" dump="1704292185868"/><sessioninfo id="Hoby-bdafbde" start="1704292199379" dump="1704292202056"/><sessioninfo id="Hoby-bf31e9ba" start="1704292623751" dump="1704292626433"/><sessioninfo id="Hoby-3010e371" start="1704292641215" dump="1704292643722"/><sessioninfo id="Hoby-51246ddb" start="1704292806835" dump="1704292809308"/><sessioninfo id="Hoby-67bd7cfa" start="1704292822888" dump="1704292825393"/><sessioninfo id="Hoby-d3efe1ae" start="1704292942153" dump="1704292944582"/><sessioninfo id="Hoby-dc629ecc" start="1704293798027" dump="1704293800487"/><sessioninfo id="Hoby-1f1f0500" start="1704294649480" dump="1704294651837"/><sessioninfo id="Hoby-2840a537" start="1704294773146" dump="1704294775533"/><sessioninfo id="Hoby-8884ed20" start="1704294788647" dump="1704294791122"/><sessioninfo id="Hoby-2ca39df7" start="1704294844339" dump="1704294846591"/><sessioninfo id="Hoby-b5d9ff2" start="1704294859972" dump="1704294862443"/><sessioninfo id="Hoby-34ea3fac" start="1704295151533" dump="1704295153959"/><sessioninfo id="Hoby-aee54aee" start="1704295168241" dump="1704295170814"/><sessioninfo id="Hoby-c81c2783" start="1704295207586" dump="1704295209817"/><sessioninfo id="Hoby-2c133ce2" start="1704295223164" dump="1704295225776"/><sessioninfo id="Hoby-36e67903" start="1704295273261" dump="1704295275692"/><sessioninfo id="Hoby-c9b00660" start="1704295289156" dump="1704295291798"/><sessioninfo id="Hoby-65ddc7ac" start="1704298300654" dump="1704298302605"/><sessioninfo id="Hoby-5f8c02" start="1704298377219" dump="1704298379143"/><sessioninfo id="Hoby-7552962c" start="1704298446976" dump="1704298448938"/><sessioninfo id="Hoby-fdc40c7a" start="1704298593781" dump="1704298595823"/><sessioninfo id="Hoby-8505d490" start="1704298701659" dump="1704298703663"/><sessioninfo id="Hoby-672437ad" start="1704298713345" dump="1704298715337"/><sessioninfo id="Hoby-bc524b02" start="1704298866112" dump="1704298868188"/><sessioninfo id="Hoby-2348e92e" start="1704298940947" dump="1704298942980"/><sessioninfo id="Hoby-de56e5f9" start="1704298952883" dump="1704298954896"/><sessioninfo id="Hoby-42bce71b" start="1704298991639" dump="1704298993564"/><sessioninfo id="Hoby-e0bdf7ab" start="1704299003534" dump="1704299005538"/><sessioninfo id="Hoby-48cf5761" start="1704299190767" dump="1704299192759"/><sessioninfo id="Hoby-753d928c" start="1704299202958" dump="1704299204950"/><sessioninfo id="Hoby-db9bd055" start="1704299310680" dump="1704299312654"/><sessioninfo id="Hoby-11d1a119" start="1704299739094" dump="1704299741083"/><sessioninfo id="Hoby-548fbb00" start="1704299751137" dump="1704299753206"/><sessioninfo id="Hoby-a9a6bc23" start="1704300209671" dump="1704300211558"/><sessioninfo id="Hoby-59bbe928" start="1704300221352" dump="1704300223348"/><sessioninfo id="Hoby-ab9edb1d" start="1704304207426" dump="1704304209499"/><sessioninfo id="Hoby-2b32aba2" start="1704304219515" dump="1704304221621"/><sessioninfo id="Hoby-e5664bef" start="1704304338945" dump="1704304341027"/><sessioninfo id="Hoby-a38bb492" start="1704304350813" dump="1704304352861"/><sessioninfo id="Hoby-e3958539" start="1704304992956" dump="1704304995000"/><sessioninfo id="Hoby-6210e081" start="1704305004803" dump="1704305006870"/><sessioninfo id="Hoby-1da6c1f7" start="1704305770821" dump="1704305772809"/><sessioninfo id="Hoby-90038273" start="1704305782802" dump="1704305784803"/><sessioninfo id="Hoby-687362c0" start="1704307180131" dump="1704307182397"/><sessioninfo id="Hoby-9232874d" start="1704307186744" dump="1704307208754"/><sessioninfo id="Hoby-f5e10500" start="1704307223702" dump="1704307225300"/><sessioninfo id="Hoby-565b6238" start="1704308444568" dump="1704308447144"/><sessioninfo id="Hoby-8fa6852f" start="1704308460895" dump="1704308463505"/><sessioninfo id="Hoby-22d59bb2" start="1704308550900" dump="1704308553364"/><sessioninfo id="Hoby-e7cbbb72" start="1704308566786" dump="1704308569272"/><sessioninfo id="Hoby-136ce1e1" start="1704363720830" dump="1704363723415"/><sessioninfo id="Hoby-d046aeaf" start="1704363738393" dump="1704363740865"/><sessioninfo id="Hoby-f33afa4e" start="1704367603718" dump="1704367606019"/><sessioninfo id="Hoby-902baa38" start="1704367617312" dump="1704367619597"/><sessioninfo id="Hoby-5b08aea0" start="1704368188304" dump="1704368190868"/><sessioninfo id="Hoby-94c81c1f" start="1704368203026" dump="1704368205397"/><sessioninfo id="Hoby-d2ff1ab" start="1704368762567" dump="1704368765003"/><sessioninfo id="Hoby-a45eb240" start="1704368776394" dump="1704368778670"/><sessioninfo id="Hoby-18aed87f" start="1704369121168" dump="1704369123821"/><sessioninfo id="Hoby-bd7f3a47" start="1704369135445" dump="1704369137666"/><sessioninfo id="Hoby-7ad3ab45" start="1704449439947" dump="1704449442471"/><sessioninfo id="Hoby-451503b9" start="1704449457229" dump="1704449459867"/><sessioninfo id="Hoby-dd5c6b9a" start="1704449697829" dump="1704449702567"/><sessioninfo id="Hoby-9d06efb5" start="1704449698081" dump="1704449702866"/><sessioninfo id="Hoby-7543026c" start="1704449721439" dump="1704449726017"/><sessioninfo id="Hoby-1bc32fd" start="1704449721782" dump="1704449726404"/><sessioninfo id="Hoby-e714ca34" start="1704450168694" dump="1704450171567"/><sessioninfo id="Hoby-e3f9102c" start="1704450189310" dump="1704450191790"/><sessioninfo id="Hoby-a2aa45a3" start="1704703159976" dump="1704703162453"/><sessioninfo id="Hoby-174c489e" start="1704703174975" dump="1704703177371"/><sessioninfo id="Hoby-c68bbd54" start="1704703690552" dump="1704703693055"/><sessioninfo id="Hoby-f9c93fd3" start="1704703704682" dump="1704703707194"/><sessioninfo id="Hoby-779ad34b" start="1704705085675" dump="1704705088257"/><sessioninfo id="Hoby-2bf6ca5b" start="1704705100265" dump="1704705102764"/><sessioninfo id="Hoby-4e9b0307" start="1704705129916" dump="1704705132419"/><sessioninfo id="Hoby-4b760913" start="1704705144260" dump="1704705146767"/><sessioninfo id="Hoby-d9e33559" start="1704705194567" dump="1704705197127"/><sessioninfo id="Hoby-dbedcf51" start="1704705208476" dump="1704705210913"/><sessioninfo id="Hoby-7a8c50f8" start="1704708116580" dump="1704708118633"/><sessioninfo id="Hoby-bc69babe" start="1704708129855" dump="1704708131980"/><sessioninfo id="Hoby-c88d847a" start="1704708567976" dump="1704708570168"/><sessioninfo id="Hoby-e6444abc" start="1704708581501" dump="1704708583765"/><sessioninfo id="Hoby-ef02570c" start="1704709101986" dump="1704709104081"/><sessioninfo id="Hoby-92dbe7d6" start="1704709115039" dump="1704709117151"/><sessioninfo id="Hoby-a0de9d4e" start="1704710123252" dump="1704710125432"/><sessioninfo id="Hoby-6d28bb88" start="1704710136873" dump="1704710138949"/><sessioninfo id="Hoby-83044db9" start="1704879832346" dump="1704879835074"/><sessioninfo id="Hoby-52406838" start="1704879850141" dump="1704879852609"/><sessioninfo id="Hoby-35cdb3ab" start="1704885981873" dump="1704885984074"/><sessioninfo id="Hoby-90b8cc6" start="1704885994530" dump="1704885996542"/><sessioninfo id="Hoby-49f8e3b9" start="1704888081509" dump="1704888083581"/><sessioninfo id="Hoby-1d76437f" start="1704888093625" dump="1704888095802"/><sessioninfo id="Hoby-94ff87be" start="1704901032867" dump="1704901034913"/><sessioninfo id="Hoby-53d7aef" start="1704901044766" dump="1704901046801"/><sessioninfo id="Hoby-14c6b842" start="1704901100219" dump="1704901102240"/><sessioninfo id="Hoby-7236e974" start="1704901959302" dump="1704901961200"/><sessioninfo id="Hoby-f7b81cb3" start="1704901970985" dump="1704901973013"/><sessioninfo id="Hoby-20470eb1" start="1704902954667" dump="1704902956692"/><sessioninfo id="Hoby-e1f02a0c" start="1704902966445" dump="1704902968409"/><sessioninfo id="Hoby-2c92cbdb" start="1704903076265" dump="1704903078203"/><sessioninfo id="Hoby-a5774110" start="1704903088405" dump="1704903090482"/><sessioninfo id="Hoby-4f3b2006" start="1704903105372" dump="1704903109604"/><sessioninfo id="Hoby-a2a44dfb" start="1704903105737" dump="1704903109905"/><sessioninfo id="Hoby-ec5800f7" start="1704903126902" dump="1704903131993"/><sessioninfo id="Hoby-a488dcc3" start="1704903127256" dump="1704903132507"/><sessioninfo id="Hoby-32337eba" start="1704903292665" dump="1704903294650"/><sessioninfo id="Hoby-b4768d87" start="1704903304700" dump="1704903306829"/><sessioninfo id="Hoby-431716b0" start="1704903447946" dump="1704903449912"/><sessioninfo id="Hoby-e0e19402" start="1704903459812" dump="1704903461873"/><sessioninfo id="Hoby-74d84943" start="1704903494620" dump="1704903496717"/><sessioninfo id="Hoby-1bc42fc7" start="1704903506882" dump="1704903509056"/><sessioninfo id="Hoby-7786b96a" start="1704903585800" dump="1704903587786"/><sessioninfo id="Hoby-d38bca5f" start="1704903597681" dump="1704903599691"/><sessioninfo id="Hoby-35c7a569" start="1704903656034" dump="1704903658343"/><sessioninfo id="Hoby-64690297" start="1704903671471" dump="1704903673565"/><sessioninfo id="Hoby-13ee5e59" start="1704960596391" dump="1704960599059"/><sessioninfo id="Hoby-8811db" start="1704960612289" dump="1704960615002"/><sessioninfo id="Hoby-de50eec8" start="1704960713857" dump="1704960716352"/><sessioninfo id="Hoby-3ee39eba" start="1704960729803" dump="1704960732699"/><sessioninfo id="Hoby-175790f0" start="1704960849608" dump="1704960852236"/><sessioninfo id="Hoby-b7aa4e1d" start="1704960865913" dump="1704960868734"/><sessioninfo id="Hoby-db825edd" start="1704961354265" dump="1704961356938"/><sessioninfo id="Hoby-74cb15de" start="1704961370346" dump="1704961373133"/><sessioninfo id="Hoby-c6c7330f" start="1704961462923" dump="1704961465435"/><sessioninfo id="Hoby-ee313f7a" start="1704961478866" dump="1704961481574"/><sessioninfo id="Hoby-9669d584" start="1704961560601" dump="1704961563120"/><sessioninfo id="Hoby-30bdf389" start="1704961576823" dump="1704961579514"/><sessioninfo id="Hoby-fb0207c5" start="1704963451554" dump="1704963454047"/><sessioninfo id="Hoby-f23a8a3" start="1704963467357" dump="1704963470025"/><sessioninfo id="Hoby-c9ffe98e" start="1704966153001" dump="1704966155807"/><sessioninfo id="Hoby-4a2ffae2" start="1704966169491" dump="1704966172441"/><sessioninfo id="Hoby-db6c2d51" start="1704969374260" dump="1704969377065"/><sessioninfo id="Hoby-c314c5f6" start="1704969390788" dump="1704969393626"/><sessioninfo id="Hoby-d5093b18" start="1704969765686" dump="1704969768477"/><sessioninfo id="Hoby-4119b477" start="1704969785878" dump="1704969790257"/><sessioninfo id="Hoby-a1b9ff00" start="1704969928378" dump="1704969931092"/><sessioninfo id="Hoby-4ab962b0" start="1704969945224" dump="1704969948097"/><sessioninfo id="Hoby-3cc83c1e" start="1704975183087" dump="1704975185193"/><sessioninfo id="Hoby-d7e8ff35" start="1704975194534" dump="1704975196687"/><sessioninfo id="Hoby-b1202c46" start="1704975918772" dump="1704975920902"/><sessioninfo id="Hoby-b84f1a3e" start="1704975930369" dump="1704975932539"/><sessioninfo id="Hoby-3dadce03" start="1704978653671" dump="1704978656529"/><sessioninfo id="Hoby-3e3c6dac" start="1704978670040" dump="1704978672999"/><sessioninfo id="Hoby-f560acb4" start="1704978848962" dump="1704978851592"/><sessioninfo id="Hoby-2c0284b8" start="1704978865626" dump="1704978868540"/><sessioninfo id="Hoby-b7fce82d" start="1704979110035" dump="1704979112638"/><sessioninfo id="Hoby-87aa6050" start="1704979125886" dump="1704979128601"/><sessioninfo id="Hoby-78a0871" start="1704979347837" dump="1704979350509"/><sessioninfo id="Hoby-8d2c7b0a" start="1704979363924" dump="1704979366731"/><sessioninfo id="Hoby-29a770c0" start="1704990236218" dump="1704990239063"/><sessioninfo id="Hoby-be835220" start="1704990252672" dump="1704990255438"/><sessioninfo id="Hoby-accc1693" start="1704991218161" dump="1704991220998"/><sessioninfo id="Hoby-d89d7727" start="1704991234528" dump="1704991237554"/><sessioninfo id="Hoby-36c4fb48" start="1704991586555" dump="1704991589303"/><sessioninfo id="Hoby-fd0077a3" start="1704991602943" dump="1704991606045"/><sessioninfo id="Hoby-8c7a743e" start="1704991905941" dump="1704991908907"/><sessioninfo id="Hoby-b1ed60b7" start="1704991922431" dump="1704991925295"/><sessioninfo id="Hoby-9cef7e36" start="1704992119052" dump="1704992121719"/><sessioninfo id="Hoby-bb644cf3" start="1704992134874" dump="1704992137608"/><sessioninfo id="Hoby-5381e2e1" start="1704992390438" dump="1704992393055"/><sessioninfo id="Hoby-ce52316a" start="1704992406238" dump="1704992408909"/><sessioninfo id="Hoby-965fd195" start="1705051539966" dump="1705051542301"/><sessioninfo id="Hoby-18c39bec" start="1705051551898" dump="1705051554131"/><sessioninfo id="Hoby-668437cc" start="1705054947292" dump="1705054949437"/><sessioninfo id="Hoby-c355a885" start="1705054959097" dump="1705054961419"/><sessioninfo id="Hoby-cdd72300" start="1705056945340" dump="1705056947424"/><sessioninfo id="Hoby-b93f8ab8" start="1705056956923" dump="1705056959128"/><sessioninfo id="Hoby-78c2e762" start="1705057626728" dump="1705057628827"/><sessioninfo id="Hoby-f14416e5" start="1705057638320" dump="1705057640483"/><sessioninfo id="Hoby-3ae4372a" start="1705057813616" dump="1705057815705"/><sessioninfo id="Hoby-ba78dbe" start="1705057825367" dump="1705057827528"/><sessioninfo id="Hoby-95c4d5f1" start="1705058630748" dump="1705058632824"/><sessioninfo id="Hoby-ece68afc" start="1705058642388" dump="1705058644673"/><sessioninfo id="Hoby-9544a414" start="1705084947990" dump="1705084950399"/><sessioninfo id="Hoby-be7f3e54" start="1705084959993" dump="1705084962377"/><sessioninfo id="Hoby-deddb3ac" start="1705085040810" dump="1705085042893"/><sessioninfo id="Hoby-6607e700" start="1705085052244" dump="1705085054537"/><sessioninfo id="Hoby-4917d7d2" start="1705137328259" dump="1705137331934"/><sessioninfo id="Hoby-81b375c0" start="1705137353688" dump="1705137357600"/><sessioninfo id="Hoby-daa84b40" start="1705138510678" dump="1705138514195"/><sessioninfo id="Hoby-c41825f9" start="1705138536126" dump="1705138540030"/><sessioninfo id="Hoby-c007930d" start="1705391413384" dump="1705391416324"/><sessioninfo id="Hoby-9ba48493" start="1705391427443" dump="1705391430948"/><sessioninfo id="Hoby-e8c8bd5e" start="1705409022167" dump="1705409024540"/><sessioninfo id="Hoby-17a03101" start="1705409033805" dump="1705409037138"/><sessioninfo id="Hoby-5ef56599" start="1705421703133" dump="1705421706044"/><sessioninfo id="Hoby-34e7ee64" start="1705421719691" dump="1705421723281"/><sessioninfo id="Hoby-c88dcd74" start="1705422316937" dump="1705422319657"/><sessioninfo id="Hoby-cb31bc84" start="1705422333128" dump="1705422336686"/><sessioninfo id="Hoby-100c4f89" start="1705423916626" dump="1705423919385"/><sessioninfo id="Hoby-33bc782c" start="1705423933168" dump="1705423936753"/><sessioninfo id="Hoby-587c9fa8" start="1705517527434" dump="1705517530186"/><sessioninfo id="Hoby-906c4c22" start="1705517541105" dump="1705517544613"/><sessioninfo id="Hoby-c35c427b" start="1705564450332" dump="1705564453353"/><sessioninfo id="Hoby-e13fd728" start="1705564467129" dump="1705564470901"/><sessioninfo id="Hoby-3aeda3de" start="1705566349024" dump="1705566351601"/><sessioninfo id="Hoby-62ca03d1" start="1705566365894" dump="1705566369411"/><sessioninfo id="Hoby-a4726c13" start="1705574126200" dump="1705574128410"/><sessioninfo id="Hoby-50e2bebb" start="1705574138096" dump="1705574141154"/><sessioninfo id="Hoby-c149ac2e" start="1705576740427" dump="1705576743987"/><sessioninfo id="Hoby-c01b7bf5" start="1705576755662" dump="1705576759935"/><sessioninfo id="Hoby-ea6507ed" start="1705576899228" dump="1705576903119"/><sessioninfo id="Hoby-fddab66d" start="1705576914740" dump="1705576918738"/><sessioninfo id="Hoby-ad6c6eb3" start="1705577131486" dump="1705577135059"/><sessioninfo id="Hoby-4f93453e" start="1705577146867" dump="1705577150622"/><sessioninfo id="Hoby-7410aa16" start="1705577459618" dump="1705577463018"/><sessioninfo id="Hoby-b3248ebb" start="1705577474634" dump="1705577478896"/><sessioninfo id="Hoby-95005961" start="1705577895308" dump="1705577898593"/><sessioninfo id="Hoby-b5012b00" start="1705577912353" dump="1705577920866"/><sessioninfo id="Hoby-38d4b5d2" start="1706125430709" dump="1706125433218"/><sessioninfo id="Hoby-d996d93e" start="1706125443002" dump="1706125448846"/><sessioninfo id="Hoby-4d3ca056" start="1706183335992" dump="1706183338350"/><sessioninfo id="Hoby-a491a69c" start="1706183352704" dump="1706183355954"/><sessioninfo id="Hoby-6d8a5bd2" start="1706183712571" dump="1706183714336"/><sessioninfo id="Hoby-99974c44" start="1706183723291" dump="1706183726044"/><package name="com/parkit/parkingsystem/service"><class name="com/parkit/parkingsystem/service/FareCalculatorService" sourcefilename="FareCalculatorService.java"><method name="&lt;init&gt;" desc="()V" line="8"><counter type="INSTRUCTION" missed="0" covered="3"/><counter type="LINE" missed="0" covered="1"/><counter type="COMPLEXITY" missed="0" covered="1"/><counter type="METHOD" missed="0" covered="1"/></method><method name="calculateFare" desc="(Lcom/parkit/parkingsystem/model/Ticket;)V" line="10"><counter type="INSTRUCTION" missed="0" covered="5"/><counter type="LINE" missed="0" covered="2"/><counter type="COMPLEXITY" missed="0" covered="1"/><counter type="METHOD" missed="0" covered="1"/></method><method name="calculateFare" desc="(Lcom/parkit/parkingsystem/model/Ticket;Z)V" line="14"><counter type="INSTRUCTION" missed="10" covered="64"/><counter type="BRANCH" missed="3" covered="6"/><counter type="LINE" missed="2" covered="13"/><counter type="COMPLEXITY" missed="3" covered="3"/><counter type="METHOD" missed="0" covered="1"/></method><method name="calculateCarFare" desc="(Lcom/parkit/parkingsystem/model/Ticket;D)V" line="40"><counter type="INSTRUCTION" missed="0" covered="24"/><counter type="BRANCH" missed="0" covered="4"/><counter type="LINE" missed="0" covered="6"/><counter type="COMPLEXITY" missed="0" covered="3"/><counter type="METHOD" missed="0" covered="1"/></method><method name="calculateBikeFare" desc="(Lcom/parkit/parkingsystem/model/Ticket;D)V" line="50"><counter type="INSTRUCTION" missed="5" covered="19"/><counter type="BRANCH" missed="1" covered="3"/><counter type="LINE" missed="1" covered="5"/><counter type="COMPLEXITY" missed="1" covered="2"/><counter type="METHOD" missed="0" covered="1"/></method><method name="applyDiscount" desc="(Lcom/parkit/parkingsystem/model/Ticket;Z)V" line="60"><counter type="INSTRUCTION" missed="0" covered="9"/><counter type="BRANCH" missed="0" covered="2"/><counter type="LINE" missed="0" covered="3"/><counter type="COMPLEXITY" missed="0" covered="2"/><counter type="METHOD" missed="0" covered="1"/></method><counter type="INSTRUCTION" missed="15" covered="124"/><counter type="BRANCH" missed="4" covered="15"/><counter type="LINE" missed="3" covered="30"/><counter type="COMPLEXITY" missed="4" covered="12"/><counter type="METHOD" missed="0" covered="6"/><counter type="CLASS" missed="0" covered="1"/></class><class name="com/parkit/parkingsystem/service/ParkingService" sourcefilename="ParkingService.java"><method name="&lt;init&gt;" desc="(Lcom/parkit/parkingsystem/util/InputReaderUtil;Lcom/parkit/parkingsystem/dao/ParkingSpotDAO;Lcom/parkit/parkingsystem/dao/TicketDAO;)V" line="24"><counter type="INSTRUCTION" missed="0" covered="12"/><counter type="LINE" missed="0" covered="5"/><counter type="COMPLEXITY" missed="0" covered="1"/><counter type="METHOD" missed="0" covered="1"/></method><method name="processIncomingVehicle" desc="()V" line="32"><counter type="INSTRUCTION" missed="5" covered="86"/><counter type="BRANCH" missed="2" covered="4"/><counter type="LINE" missed="2" covered="20"/><counter type="COMPLEXITY" missed="2" covered="2"/><counter type="METHOD" missed="0" covered="1"/></method><method name="getVehichleRegNumber" desc="()Ljava/lang/String;" line="61"><counter type="INSTRUCTION" missed="0" covered="7"/><counter type="LINE" missed="0" covered="2"/><counter type="COMPLEXITY" missed="0" covered="1"/><counter type="METHOD" missed="0" covered="1"/></method><method name="getNextParkingNumberIfAvailable" desc="()Lcom/parkit/parkingsystem/model/ParkingSpot;" line="66"><counter type="INSTRUCTION" missed="0" covered="41"/><counter type="BRANCH" missed="0" covered="2"/><counter type="LINE" missed="0" covered="13"/><counter type="COMPLEXITY" missed="0" covered="2"/><counter type="METHOD" missed="0" covered="1"/></method><method name="getVehichleType" desc="()Lcom/parkit/parkingsystem/constants/ParkingType;" line="85"><counter type="INSTRUCTION" missed="2" covered="25"/><counter type="BRANCH" missed="1" covered="2"/><counter type="LINE" missed="1" covered="8"/><counter type="COMPLEXITY" missed="1" covered="2"/><counter type="METHOD" missed="0" covered="1"/></method><method name="processExitingVehicle" desc="()V" line="105"><counter type="INSTRUCTION" missed="5" covered="75"/><counter type="BRANCH" missed="0" covered="4"/><counter type="LINE" missed="2" covered="15"/><counter type="COMPLEXITY" missed="0" covered="3"/><counter type="METHOD" missed="0" covered="1"/></method><method name="&lt;clinit&gt;" desc="()V" line="16"><counter type="INSTRUCTION" missed="0" covered="8"/><counter type="LINE" missed="0" covered="2"/><counter type="COMPLEXITY" missed="0" covered="1"/><counter type="METHOD" missed="0" covered="1"/></method><counter type="INSTRUCTION" missed="12" covered="254"/><counter type="BRANCH" missed="3" covered="12"/><counter type="LINE" missed="5" covered="65"/><counter type="COMPLEXITY" missed="3" covered="12"/><counter type="METHOD" missed="0" covered="7"/><counter type="CLASS" missed="0" covered="1"/></class><class name="com/parkit/parkingsystem/service/InteractiveShell" sourcefilename="InteractiveShell.java"><method name="&lt;init&gt;" desc="()V" line="9"><counter type="INSTRUCTION" missed="3" covered="0"/><counter type="LINE" missed="1" covered="0"/><counter type="COMPLEXITY" missed="1" covered="0"/><counter type="METHOD" missed="1" covered="0"/></method><method name="loadInterface" desc="()V" line="14"><counter type="INSTRUCTION" missed="52" covered="0"/><counter type="BRANCH" missed="6" covered="0"/><counter type="LINE" missed="21" covered="0"/><counter type="COMPLEXITY" missed="5" covered="0"/><counter type="METHOD" missed="1" covered="0"/></method><method name="loadMenu" desc="()V" line="46"><counter type="INSTRUCTION" missed="13" covered="0"/><counter type="LINE" missed="5" covered="0"/><counter type="COMPLEXITY" missed="1" covered="0"/><counter type="METHOD" missed="1" covered="0"/></method><method name="&lt;clinit&gt;" desc="()V" line="11"><counter type="INSTRUCTION" missed="4" covered="0"/><counter type="LINE" missed="1" covered="0"/><counter type="COMPLEXITY" missed="1" covered="0"/><counter type="METHOD" missed="1" covered="0"/></method><counter type="INSTRUCTION" missed="72" covered="0"/><counter type="BRANCH" missed="6" covered="0"/><counter type="LINE" missed="28" covered="0"/><counter type="COMPLEXITY" missed="8" covered="0"/><counter type="METHOD" missed="4" covered="0"/><counter type="CLASS" missed="1" covered="0"/></class><sourcefile name="ParkingService.java"><line nr="16" mi="0" ci="3" mb="0" cb="0"/><line nr="18" mi="0" ci="5" mb="0" cb="0"/><line nr="24" mi="0" ci="2" mb="0" cb="0"/><line nr="25" mi="0" ci="3" mb="0" cb="0"/><line nr="26" mi="0" ci="3" mb="0" cb="0"/><line nr="27" mi="0" ci="3" mb="0" cb="0"/><line nr="28" mi="0" ci="1" mb="0" cb="0"/><line nr="32" mi="0" ci="3" mb="0" cb="0"/><line nr="33" mi="0" ci="5" mb="2" cb="2"/><line nr="34" mi="0" ci="3" mb="0" cb="0"/><line nr="35" mi="0" ci="3" mb="0" cb="0"/><line nr="36" mi="0" ci="5" mb="0" cb="0"/><line nr="38" mi="0" ci="4" mb="0" cb="0"/><line nr="39" mi="0" ci="4" mb="0" cb="0"/><line nr="42" mi="0" ci="3" mb="0" cb="0"/><line nr="43" mi="0" ci="3" mb="0" cb="0"/><line nr="44" mi="0" ci="3" mb="0" cb="0"/><line nr="45" mi="0" ci="3" mb="0" cb="0"/><line nr="46" mi="0" ci="3" mb="0" cb="0"/><line nr="47" mi="0" ci="5" mb="0" cb="0"/><line nr="48" mi="0" ci="6" mb="0" cb="2"/><line nr="49" mi="0" ci="3" mb="0" cb="0"/><line nr="51" mi="0" ci="3" mb="0" cb="0"/><line nr="52" mi="0" ci="11" mb="0" cb="0"/><line nr="53" mi="0" ci="14" mb="0" cb="0"/><line nr="55" mi="1" ci="0" mb="0" cb="0"/><line nr="56" mi="4" ci="0" mb="0" cb="0"/><line nr="57" mi="0" ci="1" mb="0" cb="0"/><line nr="58" mi="0" ci="1" mb="0" cb="0"/><line nr="61" mi="0" ci="3" mb="0" cb="0"/><line nr="62" mi="0" ci="4" mb="0" cb="0"/><line nr="66" mi="0" ci="2" mb="0" cb="0"/><line nr="67" mi="0" ci="2" mb="0" cb="0"/><line nr="69" mi="0" ci="3" mb="0" cb="0"/><line nr="70" mi="0" ci="5" mb="0" cb="0"/><line nr="71" mi="0" ci="2" mb="0" cb="2"/><line nr="72" mi="0" ci="8" mb="0" cb="0"/><line nr="74" mi="0" ci="5" mb="0" cb="0"/><line nr="76" mi="0" ci="1" mb="0" cb="0"/><line nr="77" mi="0" ci="4" mb="0" cb="0"/><line nr="78" mi="0" ci="1" mb="0" cb="0"/><line nr="79" mi="0" ci="4" mb="0" cb="0"/><line nr="80" mi="0" ci="2" mb="0" cb="0"/><line nr="81" mi="0" ci="2" mb="0" cb="0"/><line nr="85" mi="0" ci="3" mb="0" cb="0"/><line nr="86" mi="0" ci="3" mb="0" cb="0"/><line nr="87" mi="0" ci="3" mb="0" cb="0"/><line nr="88" mi="0" ci="4" mb="0" cb="0"/><line nr="89" mi="0" ci="2" mb="1" cb="2"/><line nr="91" mi="0" ci="2" mb="0" cb="0"/><line nr="94" mi="2" ci="0" mb="0" cb="0"/><line nr="97" mi="0" ci="3" mb="0" cb="0"/><line nr="98" mi="0" ci="5" mb="0" cb="0"/><line nr="105" mi="0" ci="3" mb="0" cb="0"/><line nr="106" mi="0" ci="5" mb="0" cb="0"/><line nr="107" mi="0" ci="4" mb="0" cb="0"/><line nr="108" mi="0" ci="3" mb="0" cb="0"/><line nr="109" mi="0" ci="12" mb="0" cb="2"/><line nr="110" mi="0" ci="5" mb="0" cb="2"/><line nr="111" mi="0" ci="3" mb="0" cb="0"/><line nr="112" mi="0" ci="3" mb="0" cb="0"/><line nr="113" mi="0" ci="5" mb="0" cb="0"/><line nr="114" mi="0" ci="11" mb="0" cb="0"/><line nr="115" mi="0" ci="15" mb="0" cb="0"/><line nr="116" mi="0" ci="1" mb="0" cb="0"/><line nr="117" mi="0" ci="3" mb="0" cb="0"/><line nr="119" mi="1" ci="0" mb="0" cb="0"/><line nr="120" mi="4" ci="0" mb="0" cb="0"/><line nr="121" mi="0" ci="1" mb="0" cb="0"/><line nr="122" mi="0" ci="1" mb="0" cb="0"/><counter type="INSTRUCTION" missed="12" covered="254"/><counter type="BRANCH" missed="3" covered="12"/><counter type="LINE" missed="5" covered="65"/><counter type="COMPLEXITY" missed="3" covered="12"/><counter type="METHOD" missed="0" covered="7"/><counter type="CLASS" missed="0" covered="1"/></sourcefile><sourcefile name="InteractiveShell.java"><line nr="9" mi="3" ci="0" mb="0" cb="0"/><line nr="11" mi="4" ci="0" mb="0" cb="0"/><line nr="14" mi="3" ci="0" mb="0" cb="0"/><line nr="15" mi="3" ci="0" mb="0" cb="0"/><line nr="17" mi="2" ci="0" mb="0" cb="0"/><line nr="18" mi="4" ci="0" mb="0" cb="0"/><line nr="19" mi="4" ci="0" mb="0" cb="0"/><line nr="20" mi="4" ci="0" mb="0" cb="0"/><line nr="21" mi="7" ci="0" mb="0" cb="0"/><line nr="23" mi="2" ci="0" mb="2" cb="0"/><line nr="24" mi="1" ci="0" mb="0" cb="0"/><line nr="25" mi="3" ci="0" mb="0" cb="0"/><line nr="26" mi="2" ci="0" mb="4" cb="0"/><line nr="28" mi="2" ci="0" mb="0" cb="0"/><line nr="29" mi="1" ci="0" mb="0" cb="0"/><line nr="32" mi="2" ci="0" mb="0" cb="0"/><line nr="33" mi="1" ci="0" mb="0" cb="0"/><line nr="36" mi="3" ci="0" mb="0" cb="0"/><line nr="37" mi="2" ci="0" mb="0" cb="0"/><line nr="38" mi="1" ci="0" mb="0" cb="0"/><line nr="40" mi="3" ci="0" mb="0" cb="0"/><line nr="42" mi="1" ci="0" mb="0" cb="0"/><line nr="43" mi="1" ci="0" mb="0" cb="0"/><line nr="46" mi="3" ci="0" mb="0" cb="0"/><line nr="47" mi="3" ci="0" mb="0" cb="0"/><line nr="48" mi="3" ci="0" mb="0" cb="0"/><line nr="49" mi="3" ci="0" mb="0" cb="0"/><line nr="50" mi="1" ci="0" mb="0" cb="0"/><counter type="INSTRUCTION" missed="72" covered="0"/><counter type="BRANCH" missed="6" covered="0"/><counter type="LINE" missed="28" covered="0"/><counter type="COMPLEXITY" missed="8" covered="0"/><counter type="METHOD" missed="4" covered="0"/><counter type="CLASS" missed="1" covered="0"/></sourcefile><sourcefile name="FareCalculatorService.java"><line nr="8" mi="0" ci="3" mb="0" cb="0"/><line nr="10" mi="0" ci="4" mb="0" cb="0"/><line nr="11" mi="0" ci="1" mb="0" cb="0"/><line nr="14" mi="0" ci="9" mb="1" cb="3"/><line nr="15" mi="0" ci="14" mb="0" cb="0"/><line nr="17" mi="0" ci="4" mb="0" cb="0"/><line nr="18" mi="0" ci="4" mb="0" cb="0"/><line nr="19" mi="0" ci="7" mb="0" cb="0"/><line nr="21" mi="0" ci="4" mb="1" cb="1"/><line nr="22" mi="5" ci="0" mb="0" cb="0"/><line nr="26" mi="0" ci="7" mb="1" cb="2"/><line nr="28" mi="0" ci="4" mb="0" cb="0"/><line nr="29" mi="0" ci="1" mb="0" cb="0"/><line nr="31" mi="0" ci="4" mb="0" cb="0"/><line nr="32" mi="0" ci="1" mb="0" cb="0"/><line nr="34" mi="5" ci="0" mb="0" cb="0"/><line nr="36" mi="0" ci="4" mb="0" cb="0"/><line nr="37" mi="0" ci="1" mb="0" cb="0"/><line nr="40" mi="0" ci="4" mb="0" cb="2"/><line nr="41" mi="0" ci="4" mb="0" cb="0"/><line nr="42" mi="0" ci="4" mb="0" cb="2"/><line nr="43" mi="0" ci="6" mb="0" cb="0"/><line nr="45" mi="0" ci="5" mb="0" cb="0"/><line nr="47" mi="0" ci="1" mb="0" cb="0"/><line nr="50" mi="0" ci="4" mb="0" cb="2"/><line nr="51" mi="0" ci="4" mb="0" cb="0"/><line nr="52" mi="0" ci="4" mb="1" cb="1"/><line nr="53" mi="0" ci="6" mb="0" cb="0"/><line nr="55" mi="5" ci="0" mb="0" cb="0"/><line nr="57" mi="0" ci="1" mb="0" cb="0"/><line nr="60" mi="0" ci="2" mb="0" cb="2"/><line nr="61" mi="0" ci="6" mb="0" cb="0"/><line nr="63" mi="0" ci="1" mb="0" cb="0"/><counter type="INSTRUCTION" missed="15" covered="124"/><counter type="BRANCH" missed="4" covered="15"/><counter type="LINE" missed="3" covered="30"/><counter type="COMPLEXITY" missed="4" covered="12"/><counter type="METHOD" missed="0" covered="6"/><counter type="CLASS" missed="0" covered="1"/></sourcefile><counter type="INSTRUCTION" missed="99" covered="378"/><counter type="BRANCH" missed="13" covered="27"/><counter type="LINE" missed="36" covered="95"/><counter type="COMPLEXITY" missed="15" covered="24"/><counter type="METHOD" missed="4" covered="13"/><counter type="CLASS" missed="1" covered="2"/></package><package name="com/parkit/parkingsystem"><class name="com/parkit/parkingsystem/App" sourcefilename="App.java"><method name="&lt;init&gt;" desc="()V" line="7"><counter type="INSTRUCTION" missed="3" covered="0"/><counter type="LINE" missed="1" covered="0"/><counter type="COMPLEXITY" missed="1" covered="0"/><counter type="METHOD" missed="1" covered="0"/></method><method name="main" desc="([Ljava/lang/String;)V" line="10"><counter type="INSTRUCTION" missed="5" covered="0"/><counter type="LINE" missed="3" covered="0"/><counter type="COMPLEXITY" missed="1" covered="0"/><counter type="METHOD" missed="1" covered="0"/></method><method name="&lt;clinit&gt;" desc="()V" line="8"><counter type="INSTRUCTION" missed="4" covered="0"/><counter type="LINE" missed="1" covered="0"/><counter type="COMPLEXITY" missed="1" covered="0"/><counter type="METHOD" missed="1" covered="0"/></method><counter type="INSTRUCTION" missed="12" covered="0"/><counter type="LINE" missed="5" covered="0"/><counter type="COMPLEXITY" missed="3" covered="0"/><counter type="METHOD" missed="3" covered="0"/><counter type="CLASS" missed="1" covered="0"/></class><sourcefile name="App.java"><line nr="7" mi="3" ci="0" mb="0" cb="0"/><line nr="8" mi="4" ci="0" mb="0" cb="0"/><line nr="10" mi="3" ci="0" mb="0" cb="0"/><line nr="11" mi="1" ci="0" mb="0" cb="0"/><line nr="12" mi="1" ci="0" mb="0" cb="0"/><counter type="INSTRUCTION" missed="12" covered="0"/><counter type="LINE" missed="5" covered="0"/><counter type="COMPLEXITY" missed="3" covered="0"/><counter type="METHOD" missed="3" covered="0"/><counter type="CLASS" missed="1" covered="0"/></sourcefile><counter type="INSTRUCTION" missed="12" covered="0"/><counter type="LINE" missed="5" covered="0"/><counter type="COMPLEXITY" missed="3" covered="0"/><counter type="METHOD" missed="3" covered="0"/><counter type="CLASS" missed="1" covered="0"/></package><package name="com/parkit/parkingsystem/model"><class name="com/parkit/parkingsystem/model/ParkingSpot" sourcefilename="ParkingSpot.java"><method name="&lt;init&gt;" desc="(ILcom/parkit/parkingsystem/constants/ParkingType;Z)V" line="10"><counter type="INSTRUCTION" missed="0" covered="12"/><counter type="LINE" missed="0" covered="5"/><counter type="COMPLEXITY" missed="0" covered="1"/><counter type="METHOD" missed="0" covered="1"/></method><method name="getId" desc="()I" line="17"><counter type="INSTRUCTION" missed="0" covered="3"/><counter type="LINE" missed="0" covered="1"/><counter type="COMPLEXITY" missed="0" covered="1"/><counter type="METHOD" missed="0" covered="1"/></method><method name="setId" desc="(I)V" line="21"><counter type="INSTRUCTION" missed="4" covered="0"/><counter type="LINE" missed="2" covered="0"/><counter type="COMPLEXITY" missed="1" covered="0"/><counter type="METHOD" missed="1" covered="0"/></method><method name="getParkingType" desc="()Lcom/parkit/parkingsystem/constants/ParkingType;" line="25"><counter type="INSTRUCTION" missed="0" covered="3"/><counter type="LINE" missed="0" covered="1"/><counter type="COMPLEXITY" missed="0" covered="1"/><counter type="METHOD" missed="0" covered="1"/></method><method name="setParkingType" desc="(Lcom/parkit/parkingsystem/constants/ParkingType;)V" line="29"><counter type="INSTRUCTION" missed="4" covered="0"/><counter type="LINE" missed="2" covered="0"/><counter type="COMPLEXITY" missed="1" covered="0"/><counter type="METHOD" missed="1" covered="0"/></method><method name="isAvailable" desc="()Z" line="33"><counter type="INSTRUCTION" missed="0" covered="3"/><counter type="LINE" missed="0" covered="1"/><counter type="COMPLEXITY" missed="0" covered="1"/><counter type="METHOD" missed="0" covered="1"/></method><method name="setAvailable" desc="(Z)V" line="37"><counter type="INSTRUCTION" missed="0" covered="4"/><counter type="LINE" missed="0" covered="2"/><counter type="COMPLEXITY" missed="0" covered="1"/><counter type="METHOD" missed="0" covered="1"/></method><method name="equals" desc="(Ljava/lang/Object;)Z" line="42"><counter type="INSTRUCTION" missed="26" covered="0"/><counter type="BRANCH" missed="8" covered="0"/><counter type="LINE" missed="4" covered="0"/><counter type="COMPLEXITY" missed="5" covered="0"/><counter type="METHOD" missed="1" covered="0"/></method><method name="hashCode" desc="()I" line="50"><counter type="INSTRUCTION" missed="3" covered="0"/><counter type="LINE" missed="1" covered="0"/><counter type="COMPLEXITY" missed="1" covered="0"/><counter type="METHOD" missed="1" covered="0"/></method><counter type="INSTRUCTION" missed="37" covered="25"/><counter type="BRANCH" missed="8" covered="0"/><counter type="LINE" missed="9" covered="10"/><counter type="COMPLEXITY" missed="8" covered="5"/><counter type="METHOD" missed="4" covered="5"/><counter type="CLASS" missed="0" covered="1"/></class><class name="com/parkit/parkingsystem/model/Ticket" sourcefilename="Ticket.java"><method name="&lt;init&gt;" desc="()V" line="6"><counter type="INSTRUCTION" missed="0" covered="3"/><counter type="LINE" missed="0" covered="1"/><counter type="COMPLEXITY" missed="0" covered="1"/><counter type="METHOD" missed="0" covered="1"/></method><method name="getId" desc="()I" line="15"><counter type="INSTRUCTION" missed="0" covered="3"/><counter type="LINE" missed="0" covered="1"/><counter type="COMPLEXITY" missed="0" covered="1"/><counter type="METHOD" missed="0" covered="1"/></method><method name="setId" desc="(I)V" line="19"><counter type="INSTRUCTION" missed="0" covered="4"/><counter type="LINE" missed="0" covered="2"/><counter type="COMPLEXITY" missed="0" covered="1"/><counter type="METHOD" missed="0" covered="1"/></method><method name="getParkingSpot" desc="()Lcom/parkit/parkingsystem/model/ParkingSpot;" line="23"><counter type="INSTRUCTION" missed="0" covered="3"/><counter type="LINE" missed="0" covered="1"/><counter type="COMPLEXITY" missed="0" covered="1"/><counter type="METHOD" missed="0" covered="1"/></method><method name="setParkingSpot" desc="(Lcom/parkit/parkingsystem/model/ParkingSpot;)V" line="27"><counter type="INSTRUCTION" missed="0" covered="4"/><counter type="LINE" missed="0" covered="2"/><counter type="COMPLEXITY" missed="0" covered="1"/><counter type="METHOD" missed="0" covered="1"/></method><method name="getVehicleRegNumber" desc="()Ljava/lang/String;" line="31"><counter type="INSTRUCTION" missed="0" covered="3"/><counter type="LINE" missed="0" covered="1"/><counter type="COMPLEXITY" missed="0" covered="1"/><counter type="METHOD" missed="0" covered="1"/></method><method name="setVehicleRegNumber" desc="(Ljava/lang/String;)V" line="35"><counter type="INSTRUCTION" missed="0" covered="4"/><counter type="LINE" missed="0" covered="2"/><counter type="COMPLEXITY" missed="0" covered="1"/><counter type="METHOD" missed="0" covered="1"/></method><method name="getPrice" desc="()D" line="39"><counter type="INSTRUCTION" missed="0" covered="3"/><counter type="LINE" missed="0" covered="1"/><counter type="COMPLEXITY" missed="0" covered="1"/><counter type="METHOD" missed="0" covered="1"/></method><method name="setPrice" desc="(D)V" line="43"><counter type="INSTRUCTION" missed="0" covered="4"/><counter type="LINE" missed="0" covered="2"/><counter type="COMPLEXITY" missed="0" covered="1"/><counter type="METHOD" missed="0" covered="1"/></method><method name="getInTime" desc="()Ljava/util/Date;" line="47"><counter type="INSTRUCTION" missed="0" covered="3"/><counter type="LINE" missed="0" covered="1"/><counter type="COMPLEXITY" missed="0" covered="1"/><counter type="METHOD" missed="0" covered="1"/></method><method name="setInTime" desc="(Ljava/util/Date;)V" line="51"><counter type="INSTRUCTION" missed="0" covered="4"/><counter type="LINE" missed="0" covered="2"/><counter type="COMPLEXITY" missed="0" covered="1"/><counter type="METHOD" missed="0" covered="1"/></method><method name="getOutTime" desc="()Ljava/util/Date;" line="55"><counter type="INSTRUCTION" missed="0" covered="3"/><counter type="LINE" missed="0" covered="1"/><counter type="COMPLEXITY" missed="0" covered="1"/><counter type="METHOD" missed="0" covered="1"/></method><method name="setOutTime" desc="(Ljava/util/Date;)V" line="59"><counter type="INSTRUCTION" missed="0" covered="4"/><counter type="LINE" missed="0" covered="2"/><counter type="COMPLEXITY" missed="0" covered="1"/><counter type="METHOD" missed="0" covered="1"/></method><counter type="INSTRUCTION" missed="0" covered="45"/><counter type="LINE" missed="0" covered="19"/><counter type="COMPLEXITY" missed="0" covered="13"/><counter type="METHOD" missed="0" covered="13"/><counter type="CLASS" missed="0" covered="1"/></class><sourcefile name="Ticket.java"><line nr="6" mi="0" ci="3" mb="0" cb="0"/><line nr="15" mi="0" ci="3" mb="0" cb="0"/><line nr="19" mi="0" ci="3" mb="0" cb="0"/><line nr="20" mi="0" ci="1" mb="0" cb="0"/><line nr="23" mi="0" ci="3" mb="0" cb="0"/><line nr="27" mi="0" ci="3" mb="0" cb="0"/><line nr="28" mi="0" ci="1" mb="0" cb="0"/><line nr="31" mi="0" ci="3" mb="0" cb="0"/><line nr="35" mi="0" ci="3" mb="0" cb="0"/><line nr="36" mi="0" ci="1" mb="0" cb="0"/><line nr="39" mi="0" ci="3" mb="0" cb="0"/><line nr="43" mi="0" ci="3" mb="0" cb="0"/><line nr="44" mi="0" ci="1" mb="0" cb="0"/><line nr="47" mi="0" ci="3" mb="0" cb="0"/><line nr="51" mi="0" ci="3" mb="0" cb="0"/><line nr="52" mi="0" ci="1" mb="0" cb="0"/><line nr="55" mi="0" ci="3" mb="0" cb="0"/><line nr="59" mi="0" ci="3" mb="0" cb="0"/><line nr="60" mi="0" ci="1" mb="0" cb="0"/><counter type="INSTRUCTION" missed="0" covered="45"/><counter type="LINE" missed="0" covered="19"/><counter type="COMPLEXITY" missed="0" covered="13"/><counter type="METHOD" missed="0" covered="13"/><counter type="CLASS" missed="0" covered="1"/></sourcefile><sourcefile name="ParkingSpot.java"><line nr="10" mi="0" ci="2" mb="0" cb="0"/><line nr="11" mi="0" ci="3" mb="0" cb="0"/><line nr="12" mi="0" ci="3" mb="0" cb="0"/><line nr="13" mi="0" ci="3" mb="0" cb="0"/><line nr="14" mi="0" ci="1" mb="0" cb="0"/><line nr="17" mi="0" ci="3" mb="0" cb="0"/><line nr="21" mi="3" ci="0" mb="0" cb="0"/><line nr="22" mi="1" ci="0" mb="0" cb="0"/><line nr="25" mi="0" ci="3" mb="0" cb="0"/><line nr="29" mi="3" ci="0" mb="0" cb="0"/><line nr="30" mi="1" ci="0" mb="0" cb="0"/><line nr="33" mi="0" ci="3" mb="0" cb="0"/><line nr="37" mi="0" ci="3" mb="0" cb="0"/><line nr="38" mi="0" ci="1" mb="0" cb="0"/><line nr="42" mi="5" ci="0" mb="2" cb="0"/><line nr="43" mi="9" ci="0" mb="4" cb="0"/><line nr="44" mi="3" ci="0" mb="0" cb="0"/><line nr="45" mi="9" ci="0" mb="2" cb="0"/><line nr="50" mi="3" ci="0" mb="0" cb="0"/><counter type="INSTRUCTION" missed="37" covered="25"/><counter type="BRANCH" missed="8" covered="0"/><counter type="LINE" missed="9" covered="10"/><counter type="COMPLEXITY" missed="8" covered="5"/><counter type="METHOD" missed="4" covered="5"/><counter type="CLASS" missed="0" covered="1"/></sourcefile><counter type="INSTRUCTION" missed="37" covered="70"/><counter type="BRANCH" missed="8" covered="0"/><counter type="LINE" missed="9" covered="29"/><counter type="COMPLEXITY" missed="8" covered="18"/><counter type="METHOD" missed="4" covered="18"/><counter type="CLASS" missed="0" covered="2"/></package><package name="com/parkit/parkingsystem/constants"><class name="com/parkit/parkingsystem/constants/Fare" sourcefilename="Fare.java"><method name="&lt;init&gt;" desc="()V" line="3"><counter type="INSTRUCTION" missed="3" covered="0"/><counter type="LINE" missed="1" covered="0"/><counter type="COMPLEXITY" missed="1" covered="0"/><counter type="METHOD" missed="1" covered="0"/></method><counter type="INSTRUCTION" missed="3" covered="0"/><counter type="LINE" missed="1" covered="0"/><counter type="COMPLEXITY" missed="1" covered="0"/><counter type="METHOD" missed="1" covered="0"/><counter type="CLASS" missed="1" covered="0"/></class><class name="com/parkit/parkingsystem/constants/ParkingType" sourcefilename="ParkingType.java"><method name="&lt;clinit&gt;" desc="()V" line="3"><counter type="INSTRUCTION" missed="0" covered="24"/><counter type="LINE" missed="0" covered="3"/><counter type="COMPLEXITY" missed="0" covered="1"/><counter type="METHOD" missed="0" covered="1"/></method><counter type="INSTRUCTION" missed="0" covered="24"/><counter type="LINE" missed="0" covered="3"/><counter type="COMPLEXITY" missed="0" covered="1"/><counter type="METHOD" missed="0" covered="1"/><counter type="CLASS" missed="0" covered="1"/></class><class name="com/parkit/parkingsystem/constants/DBConstants" sourcefilename="DBConstants.java"><method name="&lt;init&gt;" desc="()V" line="3"><counter type="INSTRUCTION" missed="3" covered="0"/><counter type="LINE" missed="1" covered="0"/><counter type="COMPLEXITY" missed="1" covered="0"/><counter type="METHOD" missed="1" covered="0"/></method><counter type="INSTRUCTION" missed="3" covered="0"/><counter type="LINE" missed="1" covered="0"/><counter type="COMPLEXITY" missed="1" covered="0"/><counter type="METHOD" missed="1" covered="0"/><counter type="CLASS" missed="1" covered="0"/></class><sourcefile name="DBConstants.java"><line nr="3" mi="3" ci="0" mb="0" cb="0"/><counter type="INSTRUCTION" missed="3" covered="0"/><counter type="LINE" missed="1" covered="0"/><counter type="COMPLEXITY" missed="1" covered="0"/><counter type="METHOD" missed="1" covered="0"/><counter type="CLASS" missed="1" covered="0"/></sourcefile><sourcefile name="ParkingType.java"><line nr="3" mi="0" ci="12" mb="0" cb="0"/><line nr="4" mi="0" ci="6" mb="0" cb="0"/><line nr="5" mi="0" ci="6" mb="0" cb="0"/><counter type="INSTRUCTION" missed="0" covered="24"/><counter type="LINE" missed="0" covered="3"/><counter type="COMPLEXITY" missed="0" covered="1"/><counter type="METHOD" missed="0" covered="1"/><counter type="CLASS" missed="0" covered="1"/></sourcefile><sourcefile name="Fare.java"><line nr="3" mi="3" ci="0" mb="0" cb="0"/><counter type="INSTRUCTION" missed="3" covered="0"/><counter type="LINE" missed="1" covered="0"/><counter type="COMPLEXITY" missed="1" covered="0"/><counter type="METHOD" missed="1" covered="0"/><counter type="CLASS" missed="1" covered="0"/></sourcefile><counter type="INSTRUCTION" missed="6" covered="24"/><counter type="LINE" missed="2" covered="3"/><counter type="COMPLEXITY" missed="2" covered="1"/><counter type="METHOD" missed="2" covered="1"/><counter type="CLASS" missed="2" covered="1"/></package><package name="com/parkit/parkingsystem/util"><class name="com/parkit/parkingsystem/util/InputReaderUtil" sourcefilename="InputReaderUtil.java"><method name="&lt;init&gt;" desc="()V" line="8"><counter type="INSTRUCTION" missed="3" covered="0"/><counter type="LINE" missed="1" covered="0"/><counter type="COMPLEXITY" missed="1" covered="0"/><counter type="METHOD" missed="1" covered="0"/></method><method name="readSelection" desc="()I" line="15"><counter type="INSTRUCTION" missed="16" covered="0"/><counter type="LINE" missed="6" covered="0"/><counter type="COMPLEXITY" missed="1" covered="0"/><counter type="METHOD" missed="1" covered="0"/></method><method name="readVehicleRegistrationNumber" desc="()Ljava/lang/String;" line="26"><counter type="INSTRUCTION" missed="26" covered="0"/><counter type="BRANCH" missed="4" covered="0"/><counter type="LINE" missed="8" covered="0"/><counter type="COMPLEXITY" missed="3" covered="0"/><counter type="METHOD" missed="1" covered="0"/></method><method name="&lt;clinit&gt;" desc="()V" line="10"><counter type="INSTRUCTION" missed="0" covered="9"/><counter type="LINE" missed="0" covered="2"/><counter type="COMPLEXITY" missed="0" covered="1"/><counter type="METHOD" missed="0" covered="1"/></method><counter type="INSTRUCTION" missed="45" covered="9"/><counter type="BRANCH" missed="4" covered="0"/><counter type="LINE" missed="15" covered="2"/><counter type="COMPLEXITY" missed="5" covered="1"/><counter type="METHOD" missed="3" covered="1"/><counter type="CLASS" missed="0" covered="1"/></class><sourcefile name="InputReaderUtil.java"><line nr="8" mi="3" ci="0" mb="0" cb="0"/><line nr="10" mi="0" ci="5" mb="0" cb="0"/><line nr="11" mi="0" ci="4" mb="0" cb="0"/><line nr="15" mi="4" ci="0" mb="0" cb="0"/><line nr="16" mi="2" ci="0" mb="0" cb="0"/><line nr="17" mi="1" ci="0" mb="0" cb="0"/><line nr="18" mi="4" ci="0" mb="0" cb="0"/><line nr="19" mi="3" ci="0" mb="0" cb="0"/><line nr="20" mi="2" ci="0" mb="0" cb="0"/><line nr="26" mi="3" ci="0" mb="0" cb="0"/><line nr="27" mi="6" ci="0" mb="4" cb="0"/><line nr="28" mi="5" ci="0" mb="0" cb="0"/><line nr="30" mi="2" ci="0" mb="0" cb="0"/><line nr="31" mi="1" ci="0" mb="0" cb="0"/><line nr="32" mi="4" ci="0" mb="0" cb="0"/><line nr="33" mi="3" ci="0" mb="0" cb="0"/><line nr="34" mi="2" ci="0" mb="0" cb="0"/><counter type="INSTRUCTION" missed="45" covered="9"/><counter type="BRANCH" missed="4" covered="0"/><counter type="LINE" missed="15" covered="2"/><counter type="COMPLEXITY" missed="5" covered="1"/><counter type="METHOD" missed="3" covered="1"/><counter type="CLASS" missed="0" covered="1"/></sourcefile><counter type="INSTRUCTION" missed="45" covered="9"/><counter type="BRANCH" missed="4" covered="0"/><counter type="LINE" missed="15" covered="2"/><counter type="COMPLEXITY" missed="5" covered="1"/><counter type="METHOD" missed="3" covered="1"/><counter type="CLASS" missed="0" covered="1"/></package><package name="com/parkit/parkingsystem/dao"><class name="com/parkit/parkingsystem/dao/TicketDAO" sourcefilename="TicketDAO.java"><method name="&lt;init&gt;" desc="()V" line="16"><counter type="INSTRUCTION" missed="0" covered="8"/><counter type="LINE" missed="0" covered="2"/><counter type="COMPLEXITY" missed="0" covered="1"/><counter type="METHOD" missed="0" covered="1"/></method><method name="saveTicket" desc="(Lcom/parkit/parkingsystem/model/Ticket;)Z" line="23"><counter type="INSTRUCTION" missed="18" covered="58"/><counter type="BRANCH" missed="0" covered="2"/><counter type="LINE" missed="2" covered="11"/><counter type="COMPLEXITY" missed="0" covered="2"/><counter type="METHOD" missed="0" covered="1"/></method><method name="getTicket" desc="(Ljava/lang/String;)Lcom/parkit/parkingsystem/model/Ticket;" line="44"><counter type="INSTRUCTION" missed="18" covered="78"/><counter type="BRANCH" missed="1" covered="1"/><counter type="LINE" missed="2" covered="19"/><counter type="COMPLEXITY" missed="1" covered="1"/><counter type="METHOD" missed="0" covered="1"/></method><method name="updateTicket" desc="(Lcom/parkit/parkingsystem/model/Ticket;)Z" line="73"><counter type="INSTRUCTION" missed="7" covered="40"/><counter type="LINE" missed="3" covered="9"/><counter type="COMPLEXITY" missed="0" covered="1"/><counter type="METHOD" missed="0" covered="1"/></method><method name="getNbTicket" desc="(Ljava/lang/String;)I" line="90"><counter type="INSTRUCTION" missed="5" covered="44"/><counter type="BRANCH" missed="1" covered="1"/><counter type="LINE" missed="2" covered="14"/><counter type="COMPLEXITY" missed="1" covered="1"/><counter type="METHOD" missed="0" covered="1"/></method><method name="&lt;clinit&gt;" desc="()V" line="18"><counter type="INSTRUCTION" missed="0" covered="4"/><counter type="LINE" missed="0" covered="1"/><counter type="COMPLEXITY" missed="0" covered="1"/><counter type="METHOD" missed="0" covered="1"/></method><counter type="INSTRUCTION" missed="48" covered="232"/><counter type="BRANCH" missed="2" covered="4"/><counter type="LINE" missed="9" covered="56"/><counter type="COMPLEXITY" missed="2" covered="7"/><counter type="METHOD" missed="0" covered="6"/><counter type="CLASS" missed="0" covered="1"/></class><class name="com/parkit/parkingsystem/dao/ParkingSpotDAO" sourcefilename="ParkingSpotDAO.java"><method name="&lt;init&gt;" desc="()V" line="14"><counter type="INSTRUCTION" missed="0" covered="8"/><counter type="LINE" missed="0" covered="2"/><counter type="COMPLEXITY" missed="0" covered="1"/><counter type="METHOD" missed="0" covered="1"/></method><method name="getNextAvailableSlot" desc="(Lcom/parkit/parkingsystem/constants/ParkingType;)I" line="20"><counter type="INSTRUCTION" missed="5" covered="41"/><counter type="BRANCH" missed="1" covered="1"/><counter type="LINE" missed="2" covered="12"/><counter type="COMPLEXITY" missed="1" covered="1"/><counter type="METHOD" missed="0" covered="1"/></method><method name="updateParking" desc="(Lcom/parkit/parkingsystem/model/ParkingSpot;)Z" line="42"><counter type="INSTRUCTION" missed="10" covered="39"/><counter type="BRANCH" missed="1" covered="1"/><counter type="LINE" missed="3" covered="9"/><counter type="COMPLEXITY" missed="1" covered="1"/><counter type="METHOD" missed="0" covered="1"/></method><method name="&lt;clinit&gt;" desc="()V" line="15"><counter type="INSTRUCTION" missed="0" covered="4"/><counter type="LINE" missed="0" covered="1"/><counter type="COMPLEXITY" missed="0" covered="1"/><counter type="METHOD" missed="0" covered="1"/></method><counter type="INSTRUCTION" missed="15" covered="92"/><counter type="BRANCH" missed="2" covered="2"/><counter type="LINE" missed="5" covered="24"/><counter type="COMPLEXITY" missed="2" covered="4"/><counter type="METHOD" missed="0" covered="4"/><counter type="CLASS" missed="0" covered="1"/></class><sourcefile name="ParkingSpotDAO.java"><line nr="14" mi="0" ci="2" mb="0" cb="0"/><line nr="15" mi="0" ci="4" mb="0" cb="0"/><line nr="17" mi="0" ci="6" mb="0" cb="0"/><line nr="20" mi="0" ci="2" mb="0" cb="0"/><line nr="21" mi="0" ci="2" mb="0" cb="0"/><line nr="23" mi="0" ci="4" mb="0" cb="0"/><line nr="24" mi="0" ci="4" mb="0" cb="0"/><line nr="25" mi="0" ci="5" mb="0" cb="0"/><line nr="26" mi="0" ci="3" mb="0" cb="0"/><line nr="27" mi="0" ci="3" mb="1" cb="1"/><line nr="28" mi="0" ci="4" mb="0" cb="0"/><line nr="30" mi="0" ci="4" mb="0" cb="0"/><line nr="31" mi="0" ci="4" mb="0" cb="0"/><line nr="32" mi="1" ci="0" mb="0" cb="0"/><line nr="33" mi="4" ci="0" mb="0" cb="0"/><line nr="35" mi="0" ci="4" mb="0" cb="0"/><line nr="37" mi="0" ci="2" mb="0" cb="0"/><line nr="42" mi="0" ci="2" mb="0" cb="0"/><line nr="44" mi="0" ci="4" mb="0" cb="0"/><line nr="45" mi="0" ci="4" mb="0" cb="0"/><line nr="46" mi="0" ci="5" mb="0" cb="0"/><line nr="47" mi="0" ci="5" mb="0" cb="0"/><line nr="48" mi="0" ci="3" mb="0" cb="0"/><line nr="49" mi="0" ci="4" mb="0" cb="0"/><line nr="50" mi="1" ci="8" mb="1" cb="1"/><line nr="51" mi="1" ci="0" mb="0" cb="0"/><line nr="52" mi="4" ci="0" mb="0" cb="0"/><line nr="53" mi="4" ci="0" mb="0" cb="0"/><line nr="55" mi="0" ci="4" mb="0" cb="0"/><counter type="INSTRUCTION" missed="15" covered="92"/><counter type="BRANCH" missed="2" covered="2"/><counter type="LINE" missed="5" covered="24"/><counter type="COMPLEXITY" missed="2" covered="4"/><counter type="METHOD" missed="0" covered="4"/><counter type="CLASS" missed="0" covered="1"/></sourcefile><sourcefile name="TicketDAO.java"><line nr="16" mi="0" ci="2" mb="0" cb="0"/><line nr="18" mi="0" ci="4" mb="0" cb="0"/><line nr="20" mi="0" ci="6" mb="0" cb="0"/><line nr="23" mi="0" ci="2" mb="0" cb="0"/><line nr="25" mi="0" ci="4" mb="0" cb="0"/><line nr="26" mi="0" ci="4" mb="0" cb="0"/><line nr="29" mi="0" ci="6" mb="0" cb="0"/><line nr="30" mi="0" ci="5" mb="0" cb="0"/><line nr="31" mi="0" ci="5" mb="0" cb="0"/><line nr="32" mi="0" ci="9" mb="0" cb="0"/><line nr="33" mi="0" ci="14" mb="0" cb="2"/><line nr="34" mi="0" ci="3" mb="0" cb="0"/><line nr="35" mi="1" ci="0" mb="0" cb="0"/><line nr="36" mi="4" ci="0" mb="0" cb="0"/><line nr="38" mi="9" ci="4" mb="0" cb="0"/><line nr="39" mi="4" ci="2" mb="0" cb="0"/><line nr="44" mi="0" ci="2" mb="0" cb="0"/><line nr="45" mi="0" ci="2" mb="0" cb="0"/><line nr="47" mi="0" ci="4" mb="0" cb="0"/><line nr="48" mi="0" ci="4" mb="0" cb="0"/><line nr="50" mi="0" ci="4" mb="0" cb="0"/><line nr="51" mi="0" ci="3" mb="0" cb="0"/><line nr="52" mi="0" ci="3" mb="1" cb="1"/><line nr="53" mi="0" ci="4" mb="0" cb="0"/><line nr="54" mi="0" ci="12" mb="0" cb="0"/><line nr="55" mi="0" ci="3" mb="0" cb="0"/><line nr="56" mi="0" ci="5" mb="0" cb="0"/><line nr="57" mi="0" ci="3" mb="0" cb="0"/><line nr="58" mi="0" ci="5" mb="0" cb="0"/><line nr="59" mi="0" ci="5" mb="0" cb="0"/><line nr="60" mi="0" ci="5" mb="0" cb="0"/><line nr="62" mi="0" ci="4" mb="0" cb="0"/><line nr="63" mi="0" ci="4" mb="0" cb="0"/><line nr="64" mi="1" ci="0" mb="0" cb="0"/><line nr="65" mi="4" ci="0" mb="0" cb="0"/><line nr="67" mi="9" ci="4" mb="0" cb="0"/><line nr="68" mi="4" ci="2" mb="0" cb="0"/><line nr="73" mi="0" ci="2" mb="0" cb="0"/><line nr="75" mi="0" ci="4" mb="0" cb="0"/><line nr="76" mi="0" ci="4" mb="0" cb="0"/><line nr="77" mi="0" ci="5" mb="0" cb="0"/><line nr="78" mi="0" ci="9" mb="0" cb="0"/><line nr="79" mi="0" ci="5" mb="0" cb="0"/><line nr="80" mi="0" ci="3" mb="0" cb="0"/><line nr="81" mi="0" ci="4" mb="0" cb="0"/><line nr="82" mi="1" ci="0" mb="0" cb="0"/><line nr="83" mi="4" ci="0" mb="0" cb="0"/><line nr="85" mi="0" ci="4" mb="0" cb="0"/><line nr="87" mi="2" ci="0" mb="0" cb="0"/><line nr="90" mi="0" ci="2" mb="0" cb="0"/><line nr="91" mi="0" ci="2" mb="0" cb="0"/><line nr="92" mi="0" ci="2" mb="0" cb="0"/><line nr="93" mi="0" ci="2" mb="0" cb="0"/><line nr="95" mi="0" ci="4" mb="0" cb="0"/><line nr="96" mi="0" ci="4" mb="0" cb="0"/><line nr="97" mi="0" ci="4" mb="0" cb="0"/><line nr="98" mi="0" ci="3" mb="0" cb="0"/><line nr="99" mi="0" ci="3" mb="1" cb="1"/><line nr="100" mi="0" ci="4" mb="0" cb="0"/><line nr="102" mi="1" ci="0" mb="0" cb="0"/><line nr="103" mi="4" ci="0" mb="0" cb="0"/><line nr="105" mi="0" ci="4" mb="0" cb="0"/><line nr="106" mi="0" ci="4" mb="0" cb="0"/><line nr="107" mi="0" ci="4" mb="0" cb="0"/><line nr="109" mi="0" ci="2" mb="0" cb="0"/><counter type="INSTRUCTION" missed="48" covered="232"/><counter type="BRANCH" missed="2" covered="4"/><counter type="LINE" missed="9" covered="56"/><counter type="COMPLEXITY" missed="2" covered="7"/><counter type="METHOD" missed="0" covered="6"/><counter type="CLASS" missed="0" covered="1"/></sourcefile><counter type="INSTRUCTION" missed="63" covered="324"/><counter type="BRANCH" missed="4" covered="6"/><counter type="LINE" missed="14" covered="80"/><counter type="COMPLEXITY" missed="4" covered="11"/><counter type="METHOD" missed="0" covered="10"/><counter type="CLASS" missed="0" covered="2"/></package><package name="com/parkit/parkingsystem/config"><class name="com/parkit/parkingsystem/config/DataBaseConfig" sourcefilename="DataBaseConfig.java"><method name="&lt;init&gt;" desc="()V" line="8"><counter type="INSTRUCTION" missed="0" covered="3"/><counter type="LINE" missed="0" covered="1"/><counter type="COMPLEXITY" missed="0" covered="1"/><counter type="METHOD" missed="0" covered="1"/></method><method name="getConnection" desc="()Ljava/sql/Connection;" line="13"><counter type="INSTRUCTION" missed="11" covered="0"/><counter type="LINE" missed="3" covered="0"/><counter type="COMPLEXITY" missed="1" covered="0"/><counter type="METHOD" missed="1" covered="0"/></method><method name="closeConnection" desc="(Ljava/sql/Connection;)V" line="20"><counter type="INSTRUCTION" missed="14" covered="0"/><counter type="BRANCH" missed="2" covered="0"/><counter type="LINE" missed="7" covered="0"/><counter type="COMPLEXITY" missed="2" covered="0"/><counter type="METHOD" missed="1" covered="0"/></method><method name="closePreparedStatement" desc="(Ljava/sql/PreparedStatement;)V" line="31"><counter type="INSTRUCTION" missed="14" covered="0"/><counter type="BRANCH" missed="2" covered="0"/><counter type="LINE" missed="7" covered="0"/><counter type="COMPLEXITY" missed="2" covered="0"/><counter type="METHOD" missed="1" covered="0"/></method><method name="closeResultSet" desc="(Ljava/sql/ResultSet;)V" line="42"><counter type="INSTRUCTION" missed="14" covered="0"/><counter type="BRANCH" missed="2" covered="0"/><counter type="LINE" missed="7" covered="0"/><counter type="COMPLEXITY" missed="2" covered="0"/><counter type="METHOD" missed="1" covered="0"/></method><method name="&lt;clinit&gt;" desc="()V" line="10"><counter type="INSTRUCTION" missed="0" covered="4"/><counter type="LINE" missed="0" covered="1"/><counter type="COMPLEXITY" missed="0" covered="1"/><counter type="METHOD" missed="0" covered="1"/></method><counter type="INSTRUCTION" missed="53" covered="7"/><counter type="BRANCH" missed="6" covered="0"/><counter type="LINE" missed="24" covered="2"/><counter type="COMPLEXITY" missed="7" covered="2"/><counter type="METHOD" missed="4" covered="2"/><counter type="CLASS" missed="0" covered="1"/></class><sourcefile name="DataBaseConfig.java"><line nr="8" mi="0" ci="3" mb="0" cb="0"/><line nr="10" mi="0" ci="4" mb="0" cb="0"/><line nr="13" mi="3" ci="0" mb="0" cb="0"/><line nr="14" mi="3" ci="0" mb="0" cb="0"/><line nr="15" mi="5" ci="0" mb="0" cb="0"/><line nr="20" mi="2" ci="0" mb="2" cb="0"/><line nr="22" mi="2" ci="0" mb="0" cb="0"/><line nr="23" mi="3" ci="0" mb="0" cb="0"/><line nr="24" mi="1" ci="0" mb="0" cb="0"/><line nr="25" mi="4" ci="0" mb="0" cb="0"/><line nr="26" mi="1" ci="0" mb="0" cb="0"/><line nr="28" mi="1" ci="0" mb="0" cb="0"/><line nr="31" mi="2" ci="0" mb="2" cb="0"/><line nr="33" mi="2" ci="0" mb="0" cb="0"/><line nr="34" mi="3" ci="0" mb="0" cb="0"/><line nr="35" mi="1" ci="0" mb="0" cb="0"/><line nr="36" mi="4" ci="0" mb="0" cb="0"/><line nr="37" mi="1" ci="0" mb="0" cb="0"/><line nr="39" mi="1" ci="0" mb="0" cb="0"/><line nr="42" mi="2" ci="0" mb="2" cb="0"/><line nr="44" mi="2" ci="0" mb="0" cb="0"/><line nr="45" mi="3" ci="0" mb="0" cb="0"/><line nr="46" mi="1" ci="0" mb="0" cb="0"/><line nr="47" mi="4" ci="0" mb="0" cb="0"/><line nr="48" mi="1" ci="0" mb="0" cb="0"/><line nr="50" mi="1" ci="0" mb="0" cb="0"/><counter type="INSTRUCTION" missed="53" covered="7"/><counter type="BRANCH" missed="6" covered="0"/><counter type="LINE" missed="24" covered="2"/><counter type="COMPLEXITY" missed="7" covered="2"/><counter type="METHOD" missed="4" covered="2"/><counter type="CLASS" missed="0" covered="1"/></sourcefile><counter type="INSTRUCTION" missed="53" covered="7"/><counter type="BRANCH" missed="6" covered="0"/><counter type="LINE" missed="24" covered="2"/><counter type="COMPLEXITY" missed="7" covered="2"/><counter type="METHOD" missed="4" covered="2"/><counter type="CLASS" missed="0" covered="1"/></package><counter type="INSTRUCTION" missed="315" covered="812"/><counter type="BRANCH" missed="35" covered="33"/><counter type="LINE" missed="105" covered="211"/><counter type="COMPLEXITY" missed="44" covered="57"/><counter type="METHOD" missed="20" covered="45"/><counter type="CLASS" missed="4" covered="9"/></report>